# JRE version: OpenJDK Runtime Environment (25.0.1+8) (build 25.0.1+8-27)
# Java VM: OpenJDK 64-Bit Server VM (25.0.1+8-27, mixed mode, sharing, tiered, compressed oops, compressed class ptrs, g1 gc, windows-amd64)
GC Precious Log:
 CardTable entry size: 512
 Card Set container configuration: InlinePtr #cards 5 size 8 Array Of Cards #cards 10 size 36 Howl #buckets 4 coarsen threshold 1843 Howl Bitmap #cards 512 size 80 coarsen threshold 460 Card regions per heap region 1 cards per card region 2048
 CPUs: 4 total, 4 available
 Memory: 3790M
 Large Page Support: Disabled
 NUMA Support: Disabled
 Compressed Oops: Enabled (32-bit)
 Heap Region Size: 1M
 Heap Min Capacity: 8M
 Heap Initial Capacity: 60M
 Heap Max Capacity: 948M
 Pre-touch: Disabled
 Parallel Workers: 4
 Concurrent Workers: 1
 Concurrent Refinement Workers: 4
 Periodic GC: Disabled
Heap:
 garbage-first heap   total reserved 970752K, committed 58368K, used 41231K [0x00000000c4c00000, 0x0000000100000000)
  region size 1024K, 19 young (19456K), 2 survivors (2048K)
GC Heap Usage History (18 events):
Event: 10.831 {heap Before GC invocations=0 (full 0):
 garbage-first heap   total reserved 970752K, committed 63488K, used 31891K [0x00000000c4c00000, 0x0000000100000000)
  region size 1024K, 28 young (28672K), 0 survivors (0K)
}
Event: 10.957 {heap After GC invocations=1 (full 0):
 garbage-first heap   total reserved 970752K, committed 63488K, used 9314K [0x00000000c4c00000, 0x0000000100000000)
  region size 1024K, 4 young (4096K), 4 survivors (4096K)
}
Event: 14.232 {heap Before GC invocations=1 (full 0):
 garbage-first heap   total reserved 970752K, committed 63488K, used 30818K [0x00000000c4c00000, 0x0000000100000000)
  region size 1024K, 26 young (26624K), 4 survivors (4096K)
}
Event: 14.245 {heap After GC invocations=2 (full 0):
 garbage-first heap   total reserved 970752K, committed 63488K, used 11172K [0x00000000c4c00000, 0x0000000100000000)
  region size 1024K, 2 young (2048K), 2 survivors (2048K)
}
Event: 19.499 {heap Before GC invocations=2 (full 0):
 garbage-first heap   total reserved 970752K, committed 63488K, used 36772K [0x00000000c4c00000, 0x0000000100000000)
  region size 1024K, 28 young (28672K), 2 survivors (2048K)
}
Event: 19.527 {heap After GC invocations=3 (full 0):
 garbage-first heap   total reserved 970752K, committed 63488K, used 14483K [0x00000000c4c00000, 0x0000000100000000)
  region size 1024K, 4 young (4096K), 4 survivors (4096K)
}
Event: 23.131 {heap Before GC invocations=3 (full 0):
 garbage-first heap   total reserved 970752K, committed 63488K, used 31891K [0x00000000c4c00000, 0x0000000100000000)
  region size 1024K, 22 young (22528K), 4 survivors (4096K)
}
Event: 23.196 {heap After GC invocations=4 (full 0):
 garbage-first heap   total reserved 970752K, committed 63488K, used 16370K [0x00000000c4c00000, 0x0000000100000000)
  region size 1024K, 2 young (2048K), 2 survivors (2048K)
}
Event: 26.318 {heap Before GC invocations=5 (full 0):
 garbage-first heap   total reserved 970752K, committed 58368K, used 45042K [0x00000000c4c00000, 0x0000000100000000)
  region size 1024K, 30 young (30720K), 2 survivors (2048K)
}
Event: 26.329 {heap After GC invocations=6 (full 0):
 garbage-first heap   total reserved 970752K, committed 58368K, used 18710K [0x00000000c4c00000, 0x0000000100000000)
  region size 1024K, 4 young (4096K), 4 survivors (4096K)
}
Event: 27.893 {heap Before GC invocations=6 (full 0):
 garbage-first heap   total reserved 970752K, committed 58368K, used 42262K [0x00000000c4c00000, 0x0000000100000000)
  region size 1024K, 28 young (28672K), 4 survivors (4096K)
}
Event: 27.908 {heap After GC invocations=7 (full 0):
 garbage-first heap   total reserved 970752K, committed 58368K, used 20976K [0x00000000c4c00000, 0x0000000100000000)
  region size 1024K, 3 young (3072K), 3 survivors (3072K)
}
Event: 28.773 {heap Before GC invocations=7 (full 0):
 garbage-first heap   total reserved 970752K, committed 58368K, used 37360K [0x00000000c4c00000, 0x0000000100000000)
  region size 1024K, 21 young (21504K), 3 survivors (3072K)
}
Event: 28.783 {heap After GC invocations=8 (full 0):
 garbage-first heap   total reserved 970752K, committed 58368K, used 21972K [0x00000000c4c00000, 0x0000000100000000)
  region size 1024K, 1 young (1024K), 1 survivors (1024K)
}
Event: 31.323 {heap Before GC invocations=9 (full 0):
 garbage-first heap   total reserved 970752K, committed 58368K, used 46548K [0x00000000c4c00000, 0x0000000100000000)
  region size 1024K, 26 young (26624K), 1 survivors (1024K)
}
Event: 31.333 {heap After GC invocations=10 (full 0):
 garbage-first heap   total reserved 970752K, committed 58368K, used 24761K [0x00000000c4c00000, 0x0000000100000000)
  region size 1024K, 4 young (4096K), 4 survivors (4096K)
}
Event: 32.670 {heap Before GC invocations=10 (full 0):
 garbage-first heap   total reserved 970752K, committed 58368K, used 47289K [0x00000000c4c00000, 0x0000000100000000)
  region size 1024K, 27 young (27648K), 4 survivors (4096K)
}
Event: 32.683 {heap After GC invocations=11 (full 0):
 garbage-first heap   total reserved 970752K, committed 58368K, used 25871K [0x00000000c4c00000, 0x0000000100000000)
  region size 1024K, 2 young (2048K), 2 survivors (2048K)
}

