# JRE version: OpenJDK Runtime Environment (25.0.1+8) (build 25.0.1+8-27)
# Java VM: OpenJDK 64-Bit Server VM (25.0.1+8-27, mixed mode, sharing, tiered, compressed oops, compressed class ptrs, g1 gc, windows-amd64)
GC Precious Log:
 CardTable entry size: 512
 Card Set container configuration: InlinePtr #cards 5 size 8 Array Of Cards #cards 10 size 36 Howl #buckets 4 coarsen threshold 1843 Howl Bitmap #cards 512 size 80 coarsen threshold 460 Card regions per heap region 1 cards per card region 2048
 CPUs: 4 total, 4 available
 Memory: 3790M
 Large Page Support: Disabled
 NUMA Support: Disabled
 Compressed Oops: Enabled (32-bit)
 Heap Region Size: 1M
 Heap Min Capacity: 8M
 Heap Initial Capacity: 60M
 Heap Max Capacity: 948M
 Pre-touch: Disabled
 Parallel Workers: 4
 Concurrent Workers: 1
 Concurrent Refinement Workers: 4
 Periodic GC: Disabled
Heap:
 garbage-first heap   total reserved 970752K, committed 55296K, used 27307K [0x00000000c4c00000, 0x0000000100000000)
  region size 1024K, 3 young (3072K), 3 survivors (3072K)
GC Heap Usage History (20 events):
Event: 10.625 {heap Before GC invocations=2 (full 0):
 garbage-first heap   total reserved 970752K, committed 63488K, used 36012K [0x00000000c4c00000, 0x0000000100000000)
  region size 1024K, 28 young (28672K), 2 survivors (2048K)
}
Event: 10.640 {heap After GC invocations=3 (full 0):
 garbage-first heap   total reserved 970752K, committed 63488K, used 13729K [0x00000000c4c00000, 0x0000000100000000)
  region size 1024K, 4 young (4096K), 4 survivors (4096K)
}
Event: 11.395 {heap Before GC invocations=3 (full 0):
 garbage-first heap   total reserved 970752K, committed 63488K, used 23969K [0x00000000c4c00000, 0x0000000100000000)
  region size 1024K, 16 young (16384K), 4 survivors (4096K)
}
Event: 11.408 {heap After GC invocations=4 (full 0):
 garbage-first heap   total reserved 970752K, committed 63488K, used 14827K [0x00000000c4c00000, 0x0000000100000000)
  region size 1024K, 2 young (2048K), 2 survivors (2048K)
}
Event: 13.859 {heap Before GC invocations=5 (full 0):
 garbage-first heap   total reserved 970752K, committed 55296K, used 44523K [0x00000000c4c00000, 0x0000000100000000)
  region size 1024K, 31 young (31744K), 2 survivors (2048K)
}
Event: 13.872 {heap After GC invocations=6 (full 0):
 garbage-first heap   total reserved 970752K, committed 55296K, used 17198K [0x00000000c4c00000, 0x0000000100000000)
  region size 1024K, 4 young (4096K), 4 survivors (4096K)
}
Event: 15.856 {heap Before GC invocations=6 (full 0):
 garbage-first heap   total reserved 970752K, committed 55296K, used 41774K [0x00000000c4c00000, 0x0000000100000000)
  region size 1024K, 28 young (28672K), 4 survivors (4096K)
}
Event: 15.885 {heap After GC invocations=7 (full 0):
 garbage-first heap   total reserved 970752K, committed 55296K, used 19176K [0x00000000c4c00000, 0x0000000100000000)
  region size 1024K, 2 young (2048K), 2 survivors (2048K)
}
Event: 17.227 {heap Before GC invocations=7 (full 0):
 garbage-first heap   total reserved 970752K, committed 55296K, used 42728K [0x00000000c4c00000, 0x0000000100000000)
  region size 1024K, 26 young (26624K), 2 survivors (2048K)
}
Event: 17.236 {heap After GC invocations=8 (full 0):
 garbage-first heap   total reserved 970752K, committed 55296K, used 20879K [0x00000000c4c00000, 0x0000000100000000)
  region size 1024K, 4 young (4096K), 4 survivors (4096K)
}
Event: 17.364 {heap Before GC invocations=8 (full 0):
 garbage-first heap   total reserved 970752K, committed 55296K, used 21903K [0x00000000c4c00000, 0x0000000100000000)
  region size 1024K, 6 young (6144K), 4 survivors (4096K)
}
Event: 17.379 {heap After GC invocations=9 (full 0):
 garbage-first heap   total reserved 970752K, committed 55296K, used 20784K [0x00000000c4c00000, 0x0000000100000000)
  region size 1024K, 2 young (2048K), 2 survivors (2048K)
}
Event: 21.049 {heap Before GC invocations=10 (full 0):
 garbage-first heap   total reserved 970752K, committed 55296K, used 45360K [0x00000000c4c00000, 0x0000000100000000)
  region size 1024K, 27 young (27648K), 2 survivors (2048K)
}
Event: 21.092 {heap After GC invocations=11 (full 0):
 garbage-first heap   total reserved 970752K, committed 55296K, used 23715K [0x00000000c4c00000, 0x0000000100000000)
  region size 1024K, 4 young (4096K), 4 survivors (4096K)
}
Event: 23.569 {heap Before GC invocations=11 (full 0):
 garbage-first heap   total reserved 970752K, committed 55296K, used 45219K [0x00000000c4c00000, 0x0000000100000000)
  region size 1024K, 26 young (26624K), 4 survivors (4096K)
}
Event: 23.604 {heap After GC invocations=12 (full 0):
 garbage-first heap   total reserved 970752K, committed 55296K, used 24674K [0x00000000c4c00000, 0x0000000100000000)
  region size 1024K, 2 young (2048K), 2 survivors (2048K)
}
Event: 25.146 {heap Before GC invocations=12 (full 0):
 garbage-first heap   total reserved 970752K, committed 55296K, used 46178K [0x00000000c4c00000, 0x0000000100000000)
  region size 1024K, 24 young (24576K), 2 survivors (2048K)
}
Event: 25.152 {heap After GC invocations=13 (full 0):
 garbage-first heap   total reserved 970752K, committed 55296K, used 25335K [0x00000000c4c00000, 0x0000000100000000)
  region size 1024K, 2 young (2048K), 2 survivors (2048K)
}
Event: 25.946 {heap Before GC invocations=13 (full 0):
 garbage-first heap   total reserved 970752K, committed 55296K, used 32503K [0x00000000c4c00000, 0x0000000100000000)
  region size 1024K, 10 young (10240K), 2 survivors (2048K)
}
Event: 25.954 {heap After GC invocations=14 (full 0):
 garbage-first heap   total reserved 970752K, committed 55296K, used 26078K [0x00000000c4c00000, 0x0000000100000000)
  region size 1024K, 3 young (3072K), 3 survivors (3072K)
}

