# JRE version: OpenJDK Runtime Environment (25.0.1+8) (build 25.0.1+8-27)
# Java VM: OpenJDK 64-Bit Server VM (25.0.1+8-27, mixed mode, sharing, tiered, compressed oops, compressed class ptrs, g1 gc, windows-amd64)
GC Precious Log:
 CardTable entry size: 512
 Card Set container configuration: InlinePtr #cards 5 size 8 Array Of Cards #cards 10 size 36 Howl #buckets 4 coarsen threshold 1843 Howl Bitmap #cards 512 size 80 coarsen threshold 460 Card regions per heap region 1 cards per card region 2048
 CPUs: 4 total, 4 available
 Memory: 3790M
 Large Page Support: Disabled
 NUMA Support: Disabled
 Compressed Oops: Enabled (32-bit)
 Heap Region Size: 1M
 Heap Min Capacity: 8M
 Heap Initial Capacity: 60M
 Heap Max Capacity: 948M
 Pre-touch: Disabled
 Parallel Workers: 4
 Concurrent Workers: 1
 Concurrent Refinement Workers: 4
 Periodic GC: Disabled
Heap:
 garbage-first heap   total reserved 970752K, committed 58368K, used 35377K [0x00000000c4c00000, 0x0000000100000000)
  region size 1024K, 12 young (12288K), 2 survivors (2048K)
GC Heap Usage History (20 events):
Event: 4.208 {heap Before GC invocations=2 (full 0):
 garbage-first heap   total reserved 970752K, committed 63488K, used 35863K [0x00000000c4c00000, 0x0000000100000000)
  region size 1024K, 28 young (28672K), 2 survivors (2048K)
}
Event: 4.215 {heap After GC invocations=3 (full 0):
 garbage-first heap   total reserved 970752K, committed 63488K, used 13703K [0x00000000c4c00000, 0x0000000100000000)
  region size 1024K, 4 young (4096K), 4 survivors (4096K)
}
Event: 4.605 {heap Before GC invocations=3 (full 0):
 garbage-first heap   total reserved 970752K, committed 63488K, used 25991K [0x00000000c4c00000, 0x0000000100000000)
  region size 1024K, 18 young (18432K), 4 survivors (4096K)
}
Event: 4.616 {heap After GC invocations=4 (full 0):
 garbage-first heap   total reserved 970752K, committed 63488K, used 15024K [0x00000000c4c00000, 0x0000000100000000)
  region size 1024K, 2 young (2048K), 2 survivors (2048K)
}
Event: 5.915 {heap Before GC invocations=5 (full 0):
 garbage-first heap   total reserved 970752K, committed 58368K, used 43696K [0x00000000c4c00000, 0x0000000100000000)
  region size 1024K, 30 young (30720K), 2 survivors (2048K)
}
Event: 5.927 {heap After GC invocations=6 (full 0):
 garbage-first heap   total reserved 970752K, committed 58368K, used 17748K [0x00000000c4c00000, 0x0000000100000000)
  region size 1024K, 4 young (4096K), 4 survivors (4096K)
}
Event: 7.289 {heap Before GC invocations=6 (full 0):
 garbage-first heap   total reserved 970752K, committed 58368K, used 43348K [0x00000000c4c00000, 0x0000000100000000)
  region size 1024K, 29 young (29696K), 4 survivors (4096K)
}
Event: 7.305 {heap After GC invocations=7 (full 0):
 garbage-first heap   total reserved 970752K, committed 58368K, used 19964K [0x00000000c4c00000, 0x0000000100000000)
  region size 1024K, 3 young (3072K), 3 survivors (3072K)
}
Event: 8.750 {heap Before GC invocations=7 (full 0):
 garbage-first heap   total reserved 970752K, committed 58368K, used 44540K [0x00000000c4c00000, 0x0000000100000000)
  region size 1024K, 28 young (28672K), 3 survivors (3072K)
}
Event: 8.757 {heap After GC invocations=8 (full 0):
 garbage-first heap   total reserved 970752K, committed 58368K, used 21438K [0x00000000c4c00000, 0x0000000100000000)
  region size 1024K, 2 young (2048K), 2 survivors (2048K)
}
Event: 8.790 {heap Before GC invocations=8 (full 0):
 garbage-first heap   total reserved 970752K, committed 58368K, used 21438K [0x00000000c4c00000, 0x0000000100000000)
  region size 1024K, 3 young (3072K), 2 survivors (2048K)
}
Event: 8.794 {heap After GC invocations=9 (full 0):
 garbage-first heap   total reserved 970752K, committed 58368K, used 21453K [0x00000000c4c00000, 0x0000000100000000)
  region size 1024K, 2 young (2048K), 2 survivors (2048K)
}
Event: 10.297 {heap Before GC invocations=10 (full 0):
 garbage-first heap   total reserved 970752K, committed 58368K, used 47053K [0x00000000c4c00000, 0x0000000100000000)
  region size 1024K, 28 young (28672K), 2 survivors (2048K)
}
Event: 10.306 {heap After GC invocations=11 (full 0):
 garbage-first heap   total reserved 970752K, committed 58368K, used 24379K [0x00000000c4c00000, 0x0000000100000000)
  region size 1024K, 4 young (4096K), 4 survivors (4096K)
}
Event: 11.130 {heap Before GC invocations=11 (full 0):
 garbage-first heap   total reserved 970752K, committed 58368K, used 47931K [0x00000000c4c00000, 0x0000000100000000)
  region size 1024K, 28 young (28672K), 4 survivors (4096K)
}
Event: 11.141 {heap After GC invocations=12 (full 0):
 garbage-first heap   total reserved 970752K, committed 58368K, used 25963K [0x00000000c4c00000, 0x0000000100000000)
  region size 1024K, 2 young (2048K), 2 survivors (2048K)
}
Event: 11.924 {heap Before GC invocations=12 (full 0):
 garbage-first heap   total reserved 970752K, committed 58368K, used 49515K [0x00000000c4c00000, 0x0000000100000000)
  region size 1024K, 26 young (26624K), 2 survivors (2048K)
}
Event: 11.930 {heap After GC invocations=13 (full 0):
 garbage-first heap   total reserved 970752K, committed 58368K, used 26669K [0x00000000c4c00000, 0x0000000100000000)
  region size 1024K, 3 young (3072K), 3 survivors (3072K)
}
Event: 12.220 {heap Before GC invocations=13 (full 0):
 garbage-first heap   total reserved 970752K, committed 58368K, used 33837K [0x00000000c4c00000, 0x0000000100000000)
  region size 1024K, 11 young (11264K), 3 survivors (3072K)
}
Event: 12.227 {heap After GC invocations=14 (full 0):
 garbage-first heap   total reserved 970752K, committed 58368K, used 27185K [0x00000000c4c00000, 0x0000000100000000)
  region size 1024K, 2 young (2048K), 2 survivors (2048K)
}

